SF:lib/core/network/api_client.dart
DA:10,0
DA:11,0
DA:14,0
DA:15,0
DA:19,0
DA:21,0
DA:22,0
DA:23,0
DA:24,0
DA:25,0
DA:26,0
DA:27,0
DA:28,0
DA:36,0
DA:37,0
DA:38,0
DA:39,0
DA:46,0
DA:47,0
DA:51,0
DA:57,0
DA:63,0
DA:71,0
DA:78,0
DA:87,0
DA:94,0
DA:103,0
DA:110,0
DA:119,0
DA:126,0
LF:30
LH:0
end_of_record
SF:lib/models/room.dart
DA:23,2
DA:25,2
DA:27,1
DA:29,1
DA:31,1
DA:33,1
DA:38,1
DA:40,1
DA:42,1
DA:44,1
DA:46,1
DA:48,1
DA:53,2
DA:55,2
DA:57,2
DA:59,2
DA:61,2
DA:63,2
DA:68,2
DA:70,2
DA:72,2
DA:74,2
DA:76,2
DA:78,2
DA:84,2
DA:87,1
DA:88,2
DA:110,3
DA:112,2
DA:113,2
DA:116,1
DA:117,5
DA:121,4
DA:122,1
DA:123,3
DA:124,1
DA:148,4
DA:150,4
DA:153,1
DA:154,3
DA:155,3
DA:157,1
DA:161,3
DA:164,3
DA:167,2
DA:168,3
DA:169,4
DA:170,2
DA:171,6
DA:172,2
DA:186,2
DA:187,2
DA:200,1
DA:201,1
DA:212,0
DA:213,0
DA:225,0
DA:226,0
DA:240,2
DA:241,2
LF:60
LH:56
end_of_record
SF:lib/models/room.g.dart
DA:9,4
DA:10,4
DA:11,2
DA:12,2
DA:13,4
DA:14,4
DA:15,2
DA:17,4
DA:19,2
DA:20,4
DA:21,4
DA:23,2
DA:25,2
DA:27,2
DA:29,2
DA:32,2
DA:33,1
DA:34,1
DA:35,1
DA:36,1
DA:37,1
DA:38,1
DA:39,1
DA:40,1
DA:41,1
DA:42,1
DA:43,1
DA:44,1
DA:47,4
DA:48,4
DA:49,2
DA:50,2
DA:51,4
DA:52,2
DA:54,2
DA:56,1
DA:57,1
DA:59,4
DA:61,4
DA:63,2
DA:65,7
DA:67,2
DA:68,2
DA:69,3
DA:71,2
DA:73,2
DA:75,2
DA:77,2
DA:80,2
DA:81,1
DA:82,1
DA:83,1
DA:84,1
DA:85,1
DA:86,1
DA:87,1
DA:88,2
DA:89,1
DA:90,1
DA:91,1
DA:92,1
DA:93,1
DA:94,1
DA:95,1
DA:106,2
DA:107,2
DA:108,4
DA:109,2
DA:110,2
DA:112,2
DA:113,6
DA:114,2
DA:117,0
DA:118,0
DA:119,0
DA:120,0
DA:121,0
DA:122,0
DA:125,1
DA:127,1
DA:128,2
DA:129,1
DA:130,1
DA:132,1
DA:133,3
DA:134,1
DA:137,0
DA:139,0
DA:140,0
DA:141,0
DA:142,0
DA:143,0
DA:146,0
DA:148,0
DA:149,0
DA:150,0
DA:153,2
DA:155,2
DA:156,4
DA:157,2
DA:160,0
DA:162,0
DA:163,0
DA:164,0
DA:165,0
DA:168,1
DA:170,1
DA:171,2
DA:172,2
DA:173,1
DA:176,2
DA:178,2
DA:180,2
DA:181,6
DA:182,2
DA:183,4
DA:184,2
DA:185,2
DA:186,3
DA:189,0
DA:191,0
DA:192,0
DA:193,0
DA:194,0
DA:195,0
DA:196,0
LF:126
LH:98
end_of_record
SF:lib/repositories/room_repository.dart
DA:9,1
DA:14,1
DA:15,1
DA:17,2
DA:20,2
DA:22,1
DA:26,2
DA:27,2
DA:28,1
DA:31,0
DA:33,0
DA:34,0
DA:39,1
DA:40,2
DA:41,1
DA:43,2
DA:47,1
DA:48,2
DA:50,1
DA:52,2
DA:56,0
DA:57,0
DA:58,0
DA:59,0
DA:61,0
DA:65,0
DA:66,0
DA:72,1
DA:79,1
DA:82,2
DA:85,2
DA:88,2
DA:91,2
DA:93,0
DA:94,0
DA:97,2
DA:99,1
DA:103,2
DA:104,2
DA:105,1
DA:108,0
DA:110,0
DA:111,0
DA:116,1
DA:117,2
DA:118,1
DA:120,2
DA:124,1
DA:125,2
DA:127,1
DA:129,2
DA:133,0
DA:134,0
DA:135,0
DA:136,0
DA:138,0
DA:142,1
DA:143,3
DA:147,1
DA:148,2
DA:149,1
DA:150,1
DA:152,2
DA:156,1
DA:159,2
DA:161,1
DA:162,5
DA:163,5
DA:164,1
DA:167,2
DA:173,1
DA:174,1
DA:175,1
DA:177,2
DA:178,5
DA:182,2
DA:183,2
DA:186,1
DA:187,7
DA:192,1
DA:197,1
DA:198,1
DA:204,1
DA:208,1
DA:209,1
DA:210,1
DA:212,2
DA:213,6
LF:88
LH:68
end_of_record
SF:lib/core/config/app_constants.dart
DA:3,0
LF:1
LH:0
end_of_record
SF:lib/core/config/env_config.dart
DA:12,5
DA:52,0
DA:54,0
DA:56,0
DA:58,0
DA:61,0
DA:64,0
DA:70,0
DA:71,0
DA:72,0
LF:10
LH:1
end_of_record
SF:lib/core/errors/app_exceptions.dart
DA:8,0
DA:16,0
DA:17,0
DA:20,0
DA:21,0
DA:26,0
DA:36,0
DA:46,0
DA:58,0
DA:69,0
DA:79,0
DA:92,0
DA:103,0
DA:113,0
DA:123,0
LF:15
LH:0
end_of_record
SF:lib/core/network/api_interceptors.dart
DA:14,0
DA:16,0
DA:19,0
DA:20,0
DA:23,0
DA:25,0
DA:28,0
DA:31,0
DA:33,0
DA:34,0
DA:37,0
DA:40,0
DA:41,0
DA:43,0
DA:44,0
DA:45,0
DA:49,0
DA:52,0
DA:55,0
DA:58,0
DA:60,0
DA:63,0
DA:65,0
DA:66,0
DA:69,0
DA:70,0
DA:71,0
DA:73,0
DA:75,0
DA:76,0
DA:78,0
DA:84,0
DA:89,0
DA:90,0
DA:91,0
DA:94,0
DA:95,0
DA:101,0
DA:103,0
DA:104,0
DA:105,0
DA:106,0
DA:107,0
DA:108,0
DA:110,0
DA:112,0
DA:115,0
DA:117,0
DA:118,0
DA:119,0
DA:120,0
DA:121,0
DA:123,0
DA:126,0
DA:128,0
DA:129,0
DA:130,0
DA:131,0
DA:132,0
DA:133,0
DA:134,0
DA:136,0
DA:138,0
DA:144,0
DA:146,0
DA:147,0
DA:148,0
DA:149,0
DA:150,0
DA:151,0
DA:157,0
DA:158,0
DA:159,0
DA:160,0
DA:161,0
DA:162,0
DA:167,0
DA:168,0
DA:173,0
DA:174,0
DA:176,0
DA:177,0
DA:183,0
DA:190,0
DA:191,0
DA:192,0
DA:193,0
DA:196,0
DA:197,0
DA:200,0
DA:203,0
DA:204,0
DA:209,0
DA:210,0
DA:215,0
DA:216,0
DA:221,0
DA:222,0
DA:227,0
DA:228,0
DA:231,0
DA:234,0
DA:235,0
DA:236,0
DA:237,0
DA:243,0
LF:106
LH:0
end_of_record
SF:lib/core/theme/app_colors.dart
DA:6,0
LF:1
LH:0
end_of_record
SF:lib/core/theme/app_spacing.dart
DA:5,0
LF:1
LH:0
end_of_record
SF:lib/widgets/rooms/room_status_card.dart
DA:14,1
DA:21,1
DA:23,1
DA:25,4
DA:26,1
DA:27,1
DA:28,1
DA:29,3
DA:33,1
DA:34,1
DA:35,1
DA:36,1
DA:37,1
DA:40,1
DA:42,1
DA:43,1
DA:44,2
DA:45,4
DA:47,3
DA:51,1
DA:52,3
DA:53,3
DA:70,1
DA:77,1
DA:79,1
DA:81,1
DA:82,1
DA:83,1
DA:84,1
DA:86,1
DA:88,1
DA:90,1
DA:91,1
DA:93,1
DA:98,1
DA:100,1
DA:102,1
DA:103,2
DA:104,4
DA:112,1
DA:113,1
DA:114,2
DA:115,3
DA:120,1
DA:121,1
DA:122,1
DA:127,1
DA:128,4
DA:130,1
DA:131,4
DA:133,1
DA:135,1
DA:136,1
DA:137,3
DA:139,3
DA:142,1
DA:143,3
DA:144,1
DA:145,3
DA:157,1
DA:158,1
DA:160,1
DA:162,3
DA:166,1
DA:168,2
DA:173,6
DA:175,1
DA:176,2
DA:177,4
DA:196,1
DA:201,1
DA:203,1
DA:205,1
DA:206,1
DA:207,1
DA:212,1
DA:213,1
DA:214,4
LF:78
LH:78
end_of_record
SF:lib/repositories/auth_repository.dart
DA:15,1
DA:18,0
DA:23,1
DA:24,2
DA:26,1
DA:29,2
DA:32,3
DA:35,2
DA:41,1
DA:43,2
DA:49,2
DA:51,2
DA:58,1
DA:63,1
DA:64,2
DA:73,2
DA:75,2
DA:78,2
DA:81,2
DA:83,1
DA:86,1
DA:87,2
DA:89,1
DA:96,1
DA:102,1
DA:103,2
DA:107,2
DA:110,1
DA:116,1
DA:117,2
DA:119,1
DA:124,1
DA:125,2
DA:132,0
DA:133,0
DA:137,0
DA:138,0
DA:142,1
DA:143,2
DA:144,2
DA:145,2
DA:149,1
DA:150,2
DA:154,2
DA:161,1
DA:162,2
DA:163,2
DA:170,1
DA:171,2
DA:175,1
DA:176,1
LF:51
LH:46
end_of_record
SF:lib/models/auth.dart
DA:15,1
DA:16,1
DA:28,2
DA:29,2
DA:39,0
DA:40,0
DA:51,2
DA:52,2
DA:62,0
DA:63,0
DA:75,0
DA:76,0
LF:12
LH:6
end_of_record
SF:lib/models/auth.g.dart
DA:9,1
DA:10,1
DA:11,1
DA:12,1
DA:15,2
DA:16,2
DA:17,2
DA:18,2
DA:21,2
DA:22,2
DA:23,2
DA:24,2
DA:25,4
DA:28,0
DA:29,0
DA:30,0
DA:31,0
DA:32,0
DA:35,0
DA:36,0
DA:38,2
DA:40,4
DA:42,2
DA:44,2
DA:45,2
DA:46,2
DA:49,0
DA:51,0
DA:53,0
DA:54,0
DA:56,2
DA:57,4
DA:59,0
DA:61,0
DA:62,0
DA:63,0
DA:64,0
DA:67,2
DA:69,2
DA:70,2
DA:71,2
DA:72,2
LF:42
LH:26
end_of_record
SF:lib/models/user.dart
DA:20,0
DA:22,0
DA:24,0
DA:26,0
DA:28,0
DA:33,0
DA:35,0
DA:37,0
DA:39,0
DA:41,0
DA:47,0
DA:48,0
DA:52,0
DA:53,0
DA:57,0
DA:58,0
DA:76,4
DA:78,6
DA:81,1
DA:82,2
DA:83,4
DA:85,2
DA:86,2
DA:87,1
DA:91,5
LF:25
LH:9
end_of_record
SF:lib/models/user.g.dart
DA:9,6
DA:10,6
DA:11,3
DA:12,3
DA:13,3
DA:14,3
DA:15,6
DA:16,3
DA:17,3
DA:20,4
DA:21,2
DA:22,2
DA:23,2
DA:24,2
DA:25,2
DA:26,4
DA:27,2
DA:28,2
LF:18
LH:18
end_of_record
SF:lib/models/guest.dart
DA:23,2
DA:25,2
DA:27,2
DA:29,1
DA:31,1
DA:33,1
DA:38,1
DA:40,1
DA:42,1
DA:44,1
DA:46,1
DA:48,1
DA:53,1
DA:55,1
DA:57,1
DA:59,1
DA:61,1
DA:63,1
DA:68,2
DA:70,2
DA:72,2
DA:74,1
DA:76,1
DA:78,1
DA:96,1
DA:98,1
DA:100,1
DA:102,1
DA:107,1
DA:109,1
DA:111,1
DA:113,1
DA:118,1
DA:120,1
DA:122,1
DA:124,1
DA:132,0
DA:154,2
DA:156,2
DA:158,2
DA:160,2
DA:162,2
DA:164,1
DA:166,1
DA:168,1
DA:170,1
DA:172,1
DA:174,1
DA:176,1
DA:178,1
DA:180,1
DA:182,1
DA:184,1
DA:186,1
DA:235,3
DA:237,2
DA:240,1
DA:257,1
DA:278,2
DA:279,6
DA:280,2
DA:281,7
DA:282,12
DA:286,6
DA:289,1
DA:290,1
DA:291,1
DA:292,4
DA:293,4
DA:294,0
DA:295,1
DA:301,2
DA:302,6
DA:303,14
DA:305,3
DA:306,7
DA:308,1
DA:312,1
DA:313,1
DA:316,2
DA:319,1
DA:320,2
DA:321,2
DA:322,1
DA:323,2
DA:337,1
DA:338,1
DA:349,0
DA:350,0
DA:368,1
DA:369,1
DA:383,1
DA:384,1
LF:93
LH:89
end_of_record
SF:lib/models/guest.g.dart
DA:9,2
DA:10,2
DA:11,1
DA:12,1
DA:13,1
DA:14,2
DA:15,1
DA:17,1
DA:19,0
DA:20,1
DA:21,1
DA:22,1
DA:24,1
DA:26,0
DA:27,2
DA:28,1
DA:29,1
DA:30,1
DA:31,1
DA:32,2
DA:33,1
DA:34,1
DA:35,1
DA:36,2
DA:38,1
DA:40,0
DA:42,1
DA:44,0
DA:47,0
DA:48,0
DA:49,0
DA:50,0
DA:51,0
DA:52,0
DA:53,0
DA:54,0
DA:55,0
DA:56,0
DA:57,0
DA:58,0
DA:59,0
DA:60,0
DA:61,0
DA:62,0
DA:63,0
DA:64,0
DA:65,0
DA:66,0
DA:67,0
DA:68,0
DA:69,0
DA:70,0
DA:87,1
DA:88,1
DA:89,2
DA:90,1
DA:91,1
DA:93,1
DA:94,3
DA:95,1
DA:98,0
DA:99,0
DA:100,0
DA:101,0
DA:102,0
DA:103,0
DA:106,0
DA:107,0
DA:108,0
DA:109,0
DA:112,0
DA:113,0
DA:115,1
DA:116,1
DA:117,2
DA:118,1
DA:119,1
DA:120,2
DA:121,2
DA:122,1
DA:123,1
DA:124,2
DA:125,1
DA:128,0
DA:130,0
DA:131,0
DA:132,0
DA:133,0
DA:134,0
DA:135,0
DA:136,0
DA:137,0
DA:138,0
DA:139,0
DA:142,1
DA:144,1
DA:145,2
DA:147,1
DA:148,3
DA:149,1
DA:150,2
DA:151,2
DA:152,2
DA:155,0
DA:157,0
DA:158,0
DA:159,0
DA:160,0
DA:161,0
DA:162,0
LF:110
LH:52
end_of_record
SF:lib/widgets/guests/guest_card.dart
DA:15,1
DA:24,1
DA:26,1
DA:29,1
DA:30,1
DA:31,1
DA:32,1
DA:33,1
DA:35,1
DA:36,1
DA:37,1
DA:39,2
DA:40,4
DA:41,1
DA:42,1
DA:50,1
DA:51,1
DA:53,2
DA:54,1
DA:55,1
DA:56,1
DA:57,2
DA:58,1
DA:61,2
DA:67,1
DA:68,1
DA:70,1
DA:71,1
DA:72,1
DA:73,1
DA:74,1
DA:75,2
DA:76,4
DA:86,1
DA:87,1
DA:94,1
DA:95,2
DA:96,4
DA:103,1
DA:104,1
DA:105,1
DA:107,3
DA:108,3
DA:111,1
DA:114,2
DA:116,5
DA:118,1
DA:121,3
DA:130,1
DA:135,1
DA:137,1
DA:139,1
DA:140,1
DA:142,1
DA:144,1
DA:145,1
DA:147,1
DA:149,4
DA:159,1
DA:160,1
DA:162,1
DA:163,1
DA:164,1
DA:165,2
DA:167,1
DA:169,1
DA:172,1
DA:174,4
DA:191,1
DA:198,1
DA:200,1
DA:201,1
DA:203,1
DA:204,1
DA:205,1
DA:206,1
DA:210,1
DA:211,1
DA:212,1
DA:213,1
DA:215,1
DA:216,1
DA:217,1
DA:219,2
DA:220,1
DA:221,1
DA:222,1
DA:223,2
DA:224,1
DA:227,2
DA:232,1
DA:233,1
DA:235,1
DA:236,1
DA:237,2
DA:238,4
DA:244,1
DA:245,2
DA:246,4
DA:253,2
DA:254,1
DA:255,1
DA:256,1
LF:103
LH:103
end_of_record
SF:lib/screens/auth/password_change_screen.dart
DA:14,1
DA:16,1
DA:18,1
DA:34,1
DA:36,2
DA:37,2
DA:38,2
DA:39,1
DA:42,0
DA:43,0
DA:44,0
DA:45,0
DA:48,0
DA:50,0
DA:53,0
DA:54,0
DA:55,0
DA:56,0
DA:60,0
DA:61,0
DA:65,0
DA:66,0
DA:67,0
DA:70,0
DA:71,0
DA:72,0
DA:75,0
DA:76,0
DA:80,0
DA:81,0
DA:84,0
DA:85,0
DA:90,1
DA:92,1
DA:93,1
DA:95,1
DA:97,0
DA:100,1
DA:101,1
DA:103,1
DA:104,1
DA:105,1
DA:107,1
DA:111,1
DA:113,1
DA:114,1
DA:115,1
DA:117,1
DA:118,1
DA:119,1
DA:125,1
DA:126,1
DA:128,1
DA:141,1
DA:142,0
DA:144,0
DA:145,0
DA:146,0
DA:147,0
DA:148,0
DA:150,0
DA:151,0
DA:158,0
DA:159,0
DA:160,0
DA:174,1
DA:175,0
DA:177,0
DA:178,0
DA:179,0
DA:180,0
DA:181,0
DA:183,0
DA:184,0
DA:191,0
DA:192,0
DA:193,0
DA:207,1
DA:208,1
DA:212,1
DA:214,1
DA:215,1
DA:216,1
DA:217,1
DA:221,1
DA:222,4
DA:225,0
DA:226,0
DA:233,1
DA:236,1
DA:237,1
DA:241,1
DA:243,1
DA:244,1
DA:245,1
DA:246,1
DA:250,0
DA:251,0
DA:254,0
DA:255,0
DA:258,0
DA:261,0
DA:268,1
DA:271,1
DA:272,1
DA:276,1
DA:278,1
DA:279,1
DA:280,1
DA:281,1
DA:285,0
DA:286,0
DA:287,0
DA:290,0
DA:291,0
DA:294,0
DA:299,0
DA:302,1
DA:305,1
DA:307,2
DA:308,1
DA:311,1
DA:314,1
DA:316,1
LF:124
LH:62
end_of_record
SF:lib/l10n/app_localizations.dart
DA:8,1
DA:10,0
DA:11,0
DA:30,0
DA:33,0
DA:38,0
DA:39,0
DA:40,0
DA:45,0
DA:46,0
DA:47,0
DA:48,0
DA:49,0
DA:50,0
DA:51,0
DA:52,0
DA:53,0
DA:54,0
DA:55,0
DA:56,0
DA:57,0
DA:58,0
DA:59,0
DA:60,0
DA:61,0
DA:62,0
DA:63,0
DA:64,0
DA:67,0
DA:68,0
DA:69,0
DA:70,0
DA:73,0
DA:74,0
DA:75,0
DA:76,0
DA:77,0
DA:78,0
DA:79,0
DA:80,0
DA:81,0
DA:84,0
DA:85,0
DA:86,0
DA:87,0
DA:88,0
DA:91,0
DA:92,0
DA:93,0
DA:94,0
DA:208,1
DA:210,1
DA:212,3
DA:215,1
DA:217,1
DA:220,0
DA:226,0
LF:57
LH:6
end_of_record
SF:lib/providers/auth_provider.dart
DA:13,0
DA:14,0
DA:18,0
DA:19,0
DA:20,0
DA:21,0
DA:25,0
DA:26,0
DA:27,0
DA:28,0
DA:29,0
DA:34,0
DA:35,0
DA:36,0
DA:37,0
DA:38,0
DA:43,0
DA:44,0
DA:45,0
DA:46,0
DA:47,0
DA:56,0
DA:58,0
DA:60,0
DA:61,0
DA:65,0
DA:66,0
DA:69,0
DA:72,0
DA:77,0
DA:79,0
DA:84,0
DA:86,0
DA:89,0
DA:92,0
DA:98,0
DA:99,0
DA:102,0
DA:105,0
DA:106,0
DA:109,0
DA:114,0
DA:115,0
DA:118,0
DA:119,0
DA:120,0
DA:123,0
DA:125,0
DA:127,0
DA:128,0
DA:133,0
DA:134,0
DA:137,0
DA:141,0
DA:142,0
DA:147,0
DA:153,0
DA:158,0
DA:166,0
DA:168,0
DA:169,0
DA:176,0
DA:177,0
DA:178,0
DA:179,0
DA:183,0
DA:184,0
DA:188,0
DA:189,0
DA:192,0
DA:194,0
DA:195,0
DA:198,0
DA:199,0
DA:201,0
DA:203,0
DA:204,0
DA:205,0
DA:208,0
DA:209,0
DA:212,0
DA:213,0
DA:217,0
DA:218,0
DA:226,0
DA:228,0
DA:230,0
DA:231,0
DA:232,0
DA:234,0
DA:242,0
DA:244,0
DA:245,0
DA:246,0
DA:250,0
DA:251,0
DA:252,0
DA:253,0
DA:254,0
DA:257,0
LF:100
LH:0
end_of_record
SF:lib/widgets/common/app_button.dart
DA:16,1
DA:28,1
DA:30,1
DA:31,0
DA:34,0
DA:36,0
DA:37,0
DA:41,1
DA:44,1
DA:45,1
DA:46,0
DA:49,2
DA:53,1
DA:54,0
DA:55,0
DA:56,0
DA:57,0
DA:58,0
DA:59,0
DA:64,1
DA:65,2
DA:66,1
DA:67,1
DA:68,1
DA:73,1
DA:74,0
DA:86,1
DA:94,1
DA:96,1
DA:97,1
DA:98,2
DA:99,1
DA:101,1
DA:102,1
DA:103,0
DA:106,2
DA:121,0
DA:130,0
DA:132,0
DA:133,0
DA:134,0
DA:135,0
DA:136,0
DA:152,0
DA:160,0
DA:162,0
DA:163,0
DA:164,0
DA:165,0
DA:166,0
DA:167,0
DA:171,0
DA:172,0
DA:173,0
DA:174,0
LF:55
LH:23
end_of_record
SF:lib/widgets/common/app_input.dart
DA:30,1
DA:55,1
DA:57,1
DA:58,1
DA:59,1
DA:60,1
DA:61,1
DA:62,1
DA:63,1
DA:64,1
DA:65,1
DA:66,1
DA:67,1
DA:68,1
DA:69,1
DA:70,1
DA:71,1
DA:72,1
DA:74,1
DA:75,1
DA:76,1
DA:77,1
DA:78,1
DA:79,3
DA:80,1
DA:94,0
DA:103,0
DA:105,0
DA:106,0
DA:107,0
DA:109,0
DA:113,0
DA:114,0
DA:115,0
DA:117,0
DA:118,0
DA:122,0
DA:123,0
DA:126,0
DA:129,0
DA:144,0
DA:153,0
DA:155,0
DA:156,0
DA:157,0
DA:159,0
DA:166,0
DA:167,0
DA:168,0
DA:170,0
DA:171,0
DA:178,0
DA:183,0
DA:187,0
DA:188,0
DA:193,0
DA:194,0
DA:196,0
DA:200,0
DA:201,0
DA:202,0
DA:203,0
DA:204,0
DA:205,0
DA:207,0
DA:209,0
DA:222,0
DA:232,0
DA:234,0
DA:235,0
DA:236,0
DA:237,0
DA:238,0
DA:239,0
DA:240,0
DA:241,0
DA:257,0
DA:267,0
DA:269,0
DA:270,0
DA:271,0
DA:273,0
DA:274,0
DA:275,0
DA:276,0
DA:279,0
DA:283,0
DA:284,0
DA:286,0
DA:287,0
DA:288,0
DA:291,0
DA:292,0
LF:93
LH:25
end_of_record
